C:\Program Files\Microsoft Visual Studio\2022\Enterprise\MSBuild\Microsoft\VC\v170\Microsoft.CppBuild.targets(510,5): warning MSB8028: The intermediate directory (Debug\) contains files shared from another project (7-01.vcxproj).  This can lead to incorrect clean and rebuild behavior.
  Assembling extern.asm...
extern.asm(1): error A2044: invalid character in file
extern.asm(4): error A2034: must be in segment block
extern.asm(6): error A2013: .MODEL must precede this directive
extern.asm(7): error A2034: must be in segment block : ExecuteWork
extern.asm(8): error A2034: must be in segment block
extern.asm(10): error A2034: must be in segment block
extern.asm(11): error A2034: must be in segment block
extern.asm(12): error A2034: must be in segment block
extern.asm(16): error A2034: must be in segment block
extern.asm(17): error A2034: must be in segment block
extern.asm(18): error A2034: must be in segment block
extern.asm(20): error A2034: must be in segment block
extern.asm(21): error A2034: must be in segment block
extern.asm(24): error A2034: must be in segment block
extern.asm(26): error A2034: must be in segment block
extern.asm(27): error A2034: must be in segment block
extern.asm(29): error A2034: must be in segment block
extern.asm(30): fatal error A1010: unmatched block nesting : ExecuteWork
C:\Program Files\Microsoft Visual Studio\2022\Enterprise\MSBuild\Microsoft\VC\v170\BuildCustomizations\masm.targets(70,5): error MSB3721: The command "ml.exe /c /nologo /Zi /Fo"Debug\extern.obj" /W3 /errorReport:prompt  /Taextern.asm" exited with code 1.
